#
# There is insufficient memory for the Java Runtime Environment to continue.
# Native memory allocation (malloc) failed to allocate 155376 bytes for Chunk::new
# Possible reasons:
#   The system is out of physical RAM or swap space
#   The process is running with CompressedOops enabled, and the Java Heap may be blocking the growth of the native heap
# Possible solutions:
#   Reduce memory load on the system
#   Increase physical memory or swap space
#   Check if swap backing store is full
#   Decrease Java heap size (-Xmx/-Xms)
#   Decrease number of Java threads
#   Decrease Java thread stack sizes (-Xss)
#   Set larger code cache with -XX:ReservedCodeCacheSize=
#   JVM is running with Zero Based Compressed Oops mode in which the Java heap is
#     placed in the first 32GB address space. The Java Heap base address is the
#     maximum limit for the native heap growth. Please use -XX:HeapBaseMinAddress
#     to set the Java Heap base and to place the Java Heap above 32GB virtual address.
# This output file may be truncated or incomplete.
#
#  Out of Memory Error (arena.cpp:189), pid=25292, tid=1516
#
# JRE version: Java(TM) SE Runtime Environment (17.0.14+8) (build 17.0.14+8-LTS-191)
# Java VM: Java HotSpot(TM) 64-Bit Server VM (17.0.14+8-LTS-191, mixed mode, sharing, tiered, compressed oops, compressed class ptrs, g1 gc, windows-amd64)
# No core dump will be written. Minidumps are not enabled by default on client versions of Windows
#

---------------  S U M M A R Y ------------

Command Line: -javaagent:C:\Program Files\JetBrains\IntelliJ IDEA Community Edition 2024.3.2\lib\idea_rt.jar=43731:C:\Program Files\JetBrains\IntelliJ IDEA Community Edition 2024.3.2\bin -Dfile.encoding=UTF-8 com.userlogin.UserLogin.UserLoginApplication

Host: 11th Gen Intel(R) Core(TM) i5-1135G7 @ 2.40GHz, 8 cores, 15G,  Windows 11 , 64 bit Build 26100 (10.0.26100.3323)
Time: Thu Mar 27 16:58:44 2025 India Standard Time elapsed time: 2.415893 seconds (0d 0h 0m 2s)

---------------  T H R E A D  ---------------

Current thread (0x000001f7951aae50):  JavaThread "C2 CompilerThread2" daemon [_thread_in_native, id=1516, stack(0x000000890a400000,0x000000890a500000)]


Current CompileTask:
C2:   2415 2160 %     4       java.io.WinNTFileSystem::normalize @ 22 (143 bytes)

Stack: [0x000000890a400000,0x000000890a500000]
Native frames: (J=compiled Java code, j=interpreted, Vv=VM code, C=native code)
V  [jvm.dll+0x67a38a]
V  [jvm.dll+0x7da7ed]
V  [jvm.dll+0x7dc133]
V  [jvm.dll+0x7dc7a3]
V  [jvm.dll+0x24517f]
V  [jvm.dll+0xab773]
V  [jvm.dll+0xabd3c]
V  [jvm.dll+0x2aa61f]
V  [jvm.dll+0x582209]
V  [jvm.dll+0x21f522]
V  [jvm.dll+0x21866c]
V  [jvm.dll+0x215c65]
V  [jvm.dll+0x1a2950]
V  [jvm.dll+0x22620b]
V  [jvm.dll+0x2243ab]
V  [jvm.dll+0x790bbc]
V  [jvm.dll+0x78b04a]
V  [jvm.dll+0x679275]
C  [ucrtbase.dll+0x37b0]
C  [KERNEL32.DLL+0x2e8d7]
C  [ntdll.dll+0xbbf6c]


---------------  P R O C E S S  ---------------

Threads class SMR info:
_java_thread_list=0x000001f795c4f760, length=15, elements={
0x000001f72b65d520, 0x000001f74e7eaf70, 0x000001f74e7ec6a0, 0x000001f74e7fc7b0,
0x000001f74e7fd170, 0x000001f74e7fe6a0, 0x000001f74e800740, 0x000001f74e802440,
0x000001f74e806f60, 0x000001f74e809d70, 0x000001f74e7d2840, 0x000001f74ee3bfa0,
0x000001f74ecefb70, 0x000001f7945c2bd0, 0x000001f7951aae50
}

Java Threads: ( => current thread )
  0x000001f72b65d520 JavaThread "main" [_thread_in_Java, id=20332, stack(0x0000008908700000,0x0000008908800000)]
  0x000001f74e7eaf70 JavaThread "Reference Handler" daemon [_thread_blocked, id=18728, stack(0x0000008908e00000,0x0000008908f00000)]
  0x000001f74e7ec6a0 JavaThread "Finalizer" daemon [_thread_blocked, id=16940, stack(0x0000008908f00000,0x0000008909000000)]
  0x000001f74e7fc7b0 JavaThread "Signal Dispatcher" daemon [_thread_blocked, id=10084, stack(0x0000008909000000,0x0000008909100000)]
  0x000001f74e7fd170 JavaThread "Attach Listener" daemon [_thread_blocked, id=3220, stack(0x0000008909100000,0x0000008909200000)]
  0x000001f74e7fe6a0 JavaThread "Service Thread" daemon [_thread_blocked, id=27348, stack(0x0000008909200000,0x0000008909300000)]
  0x000001f74e800740 JavaThread "Monitor Deflation Thread" daemon [_thread_blocked, id=16824, stack(0x0000008909300000,0x0000008909400000)]
  0x000001f74e802440 JavaThread "C2 CompilerThread0" daemon [_thread_in_native, id=32064, stack(0x0000008909400000,0x0000008909500000)]
  0x000001f74e806f60 JavaThread "C1 CompilerThread0" daemon [_thread_in_native, id=8240, stack(0x0000008909500000,0x0000008909600000)]
  0x000001f74e809d70 JavaThread "Sweeper thread" daemon [_thread_blocked, id=30508, stack(0x0000008909600000,0x0000008909700000)]
  0x000001f74e7d2840 JavaThread "Common-Cleaner" daemon [_thread_blocked, id=7264, stack(0x0000008909700000,0x0000008909800000)]
  0x000001f74ee3bfa0 JavaThread "Monitor Ctrl-Break" daemon [_thread_in_native, id=23508, stack(0x0000008909800000,0x0000008909900000)]
  0x000001f74ecefb70 JavaThread "Notification Thread" daemon [_thread_blocked, id=31632, stack(0x0000008909900000,0x0000008909a00000)]
  0x000001f7945c2bd0 JavaThread "C2 CompilerThread1" daemon [_thread_in_native, id=6924, stack(0x0000008909b00000,0x0000008909c00000)]
=>0x000001f7951aae50 JavaThread "C2 CompilerThread2" daemon [_thread_in_native, id=1516, stack(0x000000890a400000,0x000000890a500000)]

Other Threads:
  0x000001f74e7e3940 VMThread "VM Thread" [stack: 0x0000008908d00000,0x0000008908e00000] [id=26512]
  0x000001f72b6e3c40 WatcherThread [stack: 0x0000008909a00000,0x0000008909b00000] [id=30500]
  0x000001f72b6c5bb0 GCTaskThread "GC Thread#0" [stack: 0x0000008908800000,0x0000008908900000] [id=2988]
  0x000001f7947ea5c0 GCTaskThread "GC Thread#1" [stack: 0x0000008909c00000,0x0000008909d00000] [id=19112]
  0x000001f794931d10 GCTaskThread "GC Thread#2" [stack: 0x0000008909d00000,0x0000008909e00000] [id=31624]
  0x000001f794430a20 GCTaskThread "GC Thread#3" [stack: 0x0000008909e00000,0x0000008909f00000] [id=9496]
  0x000001f794430ce0 GCTaskThread "GC Thread#4" [stack: 0x0000008909f00000,0x000000890a000000] [id=32088]
  0x000001f794430fa0 GCTaskThread "GC Thread#5" [stack: 0x000000890a000000,0x000000890a100000] [id=31016]
  0x000001f795214950 GCTaskThread "GC Thread#6" [stack: 0x000000890a200000,0x000000890a300000] [id=9320]
  0x000001f7952c9dc0 GCTaskThread "GC Thread#7" [stack: 0x000000890a300000,0x000000890a400000] [id=30048]
  0x000001f72b6d66d0 ConcurrentGCThread "G1 Main Marker" [stack: 0x0000008908900000,0x0000008908a00000] [id=18496]
  0x000001f72b6d8dc0 ConcurrentGCThread "G1 Conc#0" [stack: 0x0000008908a00000,0x0000008908b00000] [id=10688]
  0x000001f72b71e0e0 ConcurrentGCThread "G1 Refine#0" [stack: 0x0000008908b00000,0x0000008908c00000] [id=26508]
  0x000001f72b71eb10 ConcurrentGCThread "G1 Service" [stack: 0x0000008908c00000,0x0000008908d00000] [id=19328]

Threads with active compile tasks:
C2 CompilerThread0     2450 2159   !   4       jdk.internal.loader.URLClassPath$JarLoader::getResource (65 bytes)
C1 CompilerThread0     2450 2202       3       org.springframework.boot.autoconfigure.AutoConfigurationMetadataLoader$PropertiesAutoConfigurationMetadata::get (8 bytes)
C2 CompilerThread1     2450 1912   !   4       java.net.URL::<init> (543 bytes)
C2 CompilerThread2     2450 2160 %     4       java.io.WinNTFileSystem::normalize @ 22 (143 bytes)

VM state: not at safepoint (normal execution)

VM Mutex/Monitor currently owned by a thread: None

Heap address: 0x0000000704200000, size: 4030 MB, Compressed Oops mode: Zero based, Oop shift amount: 3

CDS archive(s) mapped at: [0x000001f74f000000-0x000001f74fbd0000-0x000001f74fbd0000), size 12386304, SharedBaseAddress: 0x000001f74f000000, ArchiveRelocationMode: 1.
Compressed class space mapped at: 0x000001f750000000-0x000001f790000000, reserved size: 1073741824
Narrow klass base: 0x000001f74f000000, Narrow klass shift: 0, Narrow klass range: 0x100000000

GC Precious Log:
 CPUs: 8 total, 8 available
 Memory: 16118M
 Large Page Support: Disabled
 NUMA Support: Disabled
 Compressed Oops: Enabled (Zero based)
 Heap Region Size: 2M
 Heap Min Capacity: 8M
 Heap Initial Capacity: 252M
 Heap Max Capacity: 4030M
 Pre-touch: Disabled
 Parallel Workers: 8
 Concurrent Workers: 2
 Concurrent Refinement Workers: 8
 Periodic GC: Disabled

Heap:
 garbage-first heap   total 258048K, used 31682K [0x0000000704200000, 0x0000000800000000)
  region size 2048K, 14 young (28672K), 2 survivors (4096K)
 Metaspace       used 17526K, committed 17792K, reserved 1114112K
  class space    used 2185K, committed 2304K, reserved 1048576K

Heap Regions: E=young(eden), S=young(survivor), O=old, HS=humongous(starts), HC=humongous(continues), CS=collection set, F=free, OA=open archive, CA=closed archive, TAMS=top-at-mark-start (previous, next)
|   0|0x0000000704200000, 0x0000000704400000, 0x0000000704400000|100%| O|  |TAMS 0x0000000704200000, 0x0000000704200000| Untracked 
|   1|0x0000000704400000, 0x0000000704600000, 0x0000000704600000|100%| O|  |TAMS 0x0000000704400000, 0x0000000704400000| Untracked 
|   2|0x0000000704600000, 0x0000000704800000, 0x0000000704800000|100%| O|  |TAMS 0x0000000704600000, 0x0000000704600000| Untracked 
|   3|0x0000000704800000, 0x0000000704896e00, 0x0000000704a00000| 29%| O|  |TAMS 0x0000000704800000, 0x0000000704800000| Untracked 
|   4|0x0000000704a00000, 0x0000000704a00000, 0x0000000704c00000|  0%| F|  |TAMS 0x0000000704a00000, 0x0000000704a00000| Untracked 
|   5|0x0000000704c00000, 0x0000000704c00000, 0x0000000704e00000|  0%| F|  |TAMS 0x0000000704c00000, 0x0000000704c00000| Untracked 
|   6|0x0000000704e00000, 0x0000000704e00000, 0x0000000705000000|  0%| F|  |TAMS 0x0000000704e00000, 0x0000000704e00000| Untracked 
|   7|0x0000000705000000, 0x0000000705000000, 0x0000000705200000|  0%| F|  |TAMS 0x0000000705000000, 0x0000000705000000| Untracked 
|   8|0x0000000705200000, 0x0000000705200000, 0x0000000705400000|  0%| F|  |TAMS 0x0000000705200000, 0x0000000705200000| Untracked 
|   9|0x0000000705400000, 0x0000000705400000, 0x0000000705600000|  0%| F|  |TAMS 0x0000000705400000, 0x0000000705400000| Untracked 
|  10|0x0000000705600000, 0x0000000705600000, 0x0000000705800000|  0%| F|  |TAMS 0x0000000705600000, 0x0000000705600000| Untracked 
|  11|0x0000000705800000, 0x0000000705800000, 0x0000000705a00000|  0%| F|  |TAMS 0x0000000705800000, 0x0000000705800000| Untracked 
|  12|0x0000000705a00000, 0x0000000705a00000, 0x0000000705c00000|  0%| F|  |TAMS 0x0000000705a00000, 0x0000000705a00000| Untracked 
|  13|0x0000000705c00000, 0x0000000705c00000, 0x0000000705e00000|  0%| F|  |TAMS 0x0000000705c00000, 0x0000000705c00000| Untracked 
|  14|0x0000000705e00000, 0x0000000705e00000, 0x0000000706000000|  0%| F|  |TAMS 0x0000000705e00000, 0x0000000705e00000| Untracked 
|  15|0x0000000706000000, 0x0000000706000000, 0x0000000706200000|  0%| F|  |TAMS 0x0000000706000000, 0x0000000706000000| Untracked 
|  16|0x0000000706200000, 0x0000000706200000, 0x0000000706400000|  0%| F|  |TAMS 0x0000000706200000, 0x0000000706200000| Untracked 
|  17|0x0000000706400000, 0x0000000706400000, 0x0000000706600000|  0%| F|  |TAMS 0x0000000706400000, 0x0000000706400000| Untracked 
|  18|0x0000000706600000, 0x0000000706600000, 0x0000000706800000|  0%| F|  |TAMS 0x0000000706600000, 0x0000000706600000| Untracked 
|  19|0x0000000706800000, 0x0000000706800000, 0x0000000706a00000|  0%| F|  |TAMS 0x0000000706800000, 0x0000000706800000| Untracked 
|  20|0x0000000706a00000, 0x0000000706a00000, 0x0000000706c00000|  0%| F|  |TAMS 0x0000000706a00000, 0x0000000706a00000| Untracked 
|  21|0x0000000706c00000, 0x0000000706c00000, 0x0000000706e00000|  0%| F|  |TAMS 0x0000000706c00000, 0x0000000706c00000| Untracked 
|  22|0x0000000706e00000, 0x0000000706e00000, 0x0000000707000000|  0%| F|  |TAMS 0x0000000706e00000, 0x0000000706e00000| Untracked 
|  23|0x0000000707000000, 0x0000000707000000, 0x0000000707200000|  0%| F|  |TAMS 0x0000000707000000, 0x0000000707000000| Untracked 
|  24|0x0000000707200000, 0x0000000707200000, 0x0000000707400000|  0%| F|  |TAMS 0x0000000707200000, 0x0000000707200000| Untracked 
|  25|0x0000000707400000, 0x0000000707400000, 0x0000000707600000|  0%| F|  |TAMS 0x0000000707400000, 0x0000000707400000| Untracked 
|  26|0x0000000707600000, 0x0000000707600000, 0x0000000707800000|  0%| F|  |TAMS 0x0000000707600000, 0x0000000707600000| Untracked 
|  27|0x0000000707800000, 0x0000000707800000, 0x0000000707a00000|  0%| F|  |TAMS 0x0000000707800000, 0x0000000707800000| Untracked 
|  28|0x0000000707a00000, 0x0000000707a00000, 0x0000000707c00000|  0%| F|  |TAMS 0x0000000707a00000, 0x0000000707a00000| Untracked 
|  29|0x0000000707c00000, 0x0000000707c00000, 0x0000000707e00000|  0%| F|  |TAMS 0x0000000707c00000, 0x0000000707c00000| Untracked 
|  30|0x0000000707e00000, 0x0000000707e00000, 0x0000000708000000|  0%| F|  |TAMS 0x0000000707e00000, 0x0000000707e00000| Untracked 
|  31|0x0000000708000000, 0x0000000708000000, 0x0000000708200000|  0%| F|  |TAMS 0x0000000708000000, 0x0000000708000000| Untracked 
|  32|0x0000000708200000, 0x0000000708200000, 0x0000000708400000|  0%| F|  |TAMS 0x0000000708200000, 0x0000000708200000| Untracked 
|  33|0x0000000708400000, 0x0000000708400000, 0x0000000708600000|  0%| F|  |TAMS 0x0000000708400000, 0x0000000708400000| Untracked 
|  34|0x0000000708600000, 0x0000000708600000, 0x0000000708800000|  0%| F|  |TAMS 0x0000000708600000, 0x0000000708600000| Untracked 
|  35|0x0000000708800000, 0x0000000708800000, 0x0000000708a00000|  0%| F|  |TAMS 0x0000000708800000, 0x0000000708800000| Untracked 
|  36|0x0000000708a00000, 0x0000000708a00000, 0x0000000708c00000|  0%| F|  |TAMS 0x0000000708a00000, 0x0000000708a00000| Untracked 
|  37|0x0000000708c00000, 0x0000000708c00000, 0x0000000708e00000|  0%| F|  |TAMS 0x0000000708c00000, 0x0000000708c00000| Untracked 
|  38|0x0000000708e00000, 0x0000000708e00000, 0x0000000709000000|  0%| F|  |TAMS 0x0000000708e00000, 0x0000000708e00000| Untracked 
|  39|0x0000000709000000, 0x0000000709000000, 0x0000000709200000|  0%| F|  |TAMS 0x0000000709000000, 0x0000000709000000| Untracked 
|  40|0x0000000709200000, 0x0000000709200000, 0x0000000709400000|  0%| F|  |TAMS 0x0000000709200000, 0x0000000709200000| Untracked 
|  41|0x0000000709400000, 0x0000000709400000, 0x0000000709600000|  0%| F|  |TAMS 0x0000000709400000, 0x0000000709400000| Untracked 
|  42|0x0000000709600000, 0x0000000709600000, 0x0000000709800000|  0%| F|  |TAMS 0x0000000709600000, 0x0000000709600000| Untracked 
|  43|0x0000000709800000, 0x0000000709800000, 0x0000000709a00000|  0%| F|  |TAMS 0x0000000709800000, 0x0000000709800000| Untracked 
|  44|0x0000000709a00000, 0x0000000709a00000, 0x0000000709c00000|  0%| F|  |TAMS 0x0000000709a00000, 0x0000000709a00000| Untracked 
|  45|0x0000000709c00000, 0x0000000709c00000, 0x0000000709e00000|  0%| F|  |TAMS 0x0000000709c00000, 0x0000000709c00000| Untracked 
|  46|0x0000000709e00000, 0x0000000709e00000, 0x000000070a000000|  0%| F|  |TAMS 0x0000000709e00000, 0x0000000709e00000| Untracked 
|  47|0x000000070a000000, 0x000000070a000000, 0x000000070a200000|  0%| F|  |TAMS 0x000000070a000000, 0x000000070a000000| Untracked 
|  48|0x000000070a200000, 0x000000070a200000, 0x000000070a400000|  0%| F|  |TAMS 0x000000070a200000, 0x000000070a200000| Untracked 
|  49|0x000000070a400000, 0x000000070a400000, 0x000000070a600000|  0%| F|  |TAMS 0x000000070a400000, 0x000000070a400000| Untracked 
|  50|0x000000070a600000, 0x000000070a600000, 0x000000070a800000|  0%| F|  |TAMS 0x000000070a600000, 0x000000070a600000| Untracked 
|  51|0x000000070a800000, 0x000000070a800000, 0x000000070aa00000|  0%| F|  |TAMS 0x000000070a800000, 0x000000070a800000| Untracked 
|  52|0x000000070aa00000, 0x000000070aa00000, 0x000000070ac00000|  0%| F|  |TAMS 0x000000070aa00000, 0x000000070aa00000| Untracked 
|  53|0x000000070ac00000, 0x000000070ac00000, 0x000000070ae00000|  0%| F|  |TAMS 0x000000070ac00000, 0x000000070ac00000| Untracked 
|  54|0x000000070ae00000, 0x000000070ae00000, 0x000000070b000000|  0%| F|  |TAMS 0x000000070ae00000, 0x000000070ae00000| Untracked 
|  55|0x000000070b000000, 0x000000070b000000, 0x000000070b200000|  0%| F|  |TAMS 0x000000070b000000, 0x000000070b000000| Untracked 
|  56|0x000000070b200000, 0x000000070b200000, 0x000000070b400000|  0%| F|  |TAMS 0x000000070b200000, 0x000000070b200000| Untracked 
|  57|0x000000070b400000, 0x000000070b400000, 0x000000070b600000|  0%| F|  |TAMS 0x000000070b400000, 0x000000070b400000| Untracked 
|  58|0x000000070b600000, 0x000000070b600000, 0x000000070b800000|  0%| F|  |TAMS 0x000000070b600000, 0x000000070b600000| Untracked 
|  59|0x000000070b800000, 0x000000070b800000, 0x000000070ba00000|  0%| F|  |TAMS 0x000000070b800000, 0x000000070b800000| Untracked 
|  60|0x000000070ba00000, 0x000000070ba00000, 0x000000070bc00000|  0%| F|  |TAMS 0x000000070ba00000, 0x000000070ba00000| Untracked 
|  61|0x000000070bc00000, 0x000000070bc00000, 0x000000070be00000|  0%| F|  |TAMS 0x000000070bc00000, 0x000000070bc00000| Untracked 
|  62|0x000000070be00000, 0x000000070be00000, 0x000000070c000000|  0%| F|  |TAMS 0x000000070be00000, 0x000000070be00000| Untracked 
|  63|0x000000070c000000, 0x000000070c000000, 0x000000070c200000|  0%| F|  |TAMS 0x000000070c000000, 0x000000070c000000| Untracked 
|  64|0x000000070c200000, 0x000000070c200000, 0x000000070c400000|  0%| F|  |TAMS 0x000000070c200000, 0x000000070c200000| Untracked 
|  65|0x000000070c400000, 0x000000070c400000, 0x000000070c600000|  0%| F|  |TAMS 0x000000070c400000, 0x000000070c400000| Untracked 
|  66|0x000000070c600000, 0x000000070c600000, 0x000000070c800000|  0%| F|  |TAMS 0x000000070c600000, 0x000000070c600000| Untracked 
|  67|0x000000070c800000, 0x000000070c800000, 0x000000070ca00000|  0%| F|  |TAMS 0x000000070c800000, 0x000000070c800000| Untracked 
|  68|0x000000070ca00000, 0x000000070ca00000, 0x000000070cc00000|  0%| F|  |TAMS 0x000000070ca00000, 0x000000070ca00000| Untracked 
|  69|0x000000070cc00000, 0x000000070cc00000, 0x000000070ce00000|  0%| F|  |TAMS 0x000000070cc00000, 0x000000070cc00000| Untracked 
|  70|0x000000070ce00000, 0x000000070ce00000, 0x000000070d000000|  0%| F|  |TAMS 0x000000070ce00000, 0x000000070ce00000| Untracked 
|  71|0x000000070d000000, 0x000000070d000000, 0x000000070d200000|  0%| F|  |TAMS 0x000000070d000000, 0x000000070d000000| Untracked 
|  72|0x000000070d200000, 0x000000070d200000, 0x000000070d400000|  0%| F|  |TAMS 0x000000070d200000, 0x000000070d200000| Untracked 
|  73|0x000000070d400000, 0x000000070d400000, 0x000000070d600000|  0%| F|  |TAMS 0x000000070d400000, 0x000000070d400000| Untracked 
|  74|0x000000070d600000, 0x000000070d600000, 0x000000070d800000|  0%| F|  |TAMS 0x000000070d600000, 0x000000070d600000| Untracked 
|  75|0x000000070d800000, 0x000000070d800000, 0x000000070da00000|  0%| F|  |TAMS 0x000000070d800000, 0x000000070d800000| Untracked 
|  76|0x000000070da00000, 0x000000070da00000, 0x000000070dc00000|  0%| F|  |TAMS 0x000000070da00000, 0x000000070da00000| Untracked 
|  77|0x000000070dc00000, 0x000000070dc00000, 0x000000070de00000|  0%| F|  |TAMS 0x000000070dc00000, 0x000000070dc00000| Untracked 
|  78|0x000000070de00000, 0x000000070de00000, 0x000000070e000000|  0%| F|  |TAMS 0x000000070de00000, 0x000000070de00000| Untracked 
|  79|0x000000070e000000, 0x000000070e000000, 0x000000070e200000|  0%| F|  |TAMS 0x000000070e000000, 0x000000070e000000| Untracked 
|  80|0x000000070e200000, 0x000000070e200000, 0x000000070e400000|  0%| F|  |TAMS 0x000000070e200000, 0x000000070e200000| Untracked 
|  81|0x000000070e400000, 0x000000070e400000, 0x000000070e600000|  0%| F|  |TAMS 0x000000070e400000, 0x000000070e400000| Untracked 
|  82|0x000000070e600000, 0x000000070e600000, 0x000000070e800000|  0%| F|  |TAMS 0x000000070e600000, 0x000000070e600000| Untracked 
|  83|0x000000070e800000, 0x000000070e800000, 0x000000070ea00000|  0%| F|  |TAMS 0x000000070e800000, 0x000000070e800000| Untracked 
|  84|0x000000070ea00000, 0x000000070ea00000, 0x000000070ec00000|  0%| F|  |TAMS 0x000000070ea00000, 0x000000070ea00000| Untracked 
|  85|0x000000070ec00000, 0x000000070ec00000, 0x000000070ee00000|  0%| F|  |TAMS 0x000000070ec00000, 0x000000070ec00000| Untracked 
|  86|0x000000070ee00000, 0x000000070ee00000, 0x000000070f000000|  0%| F|  |TAMS 0x000000070ee00000, 0x000000070ee00000| Untracked 
|  87|0x000000070f000000, 0x000000070f000000, 0x000000070f200000|  0%| F|  |TAMS 0x000000070f000000, 0x000000070f000000| Untracked 
|  88|0x000000070f200000, 0x000000070f200000, 0x000000070f400000|  0%| F|  |TAMS 0x000000070f200000, 0x000000070f200000| Untracked 
|  89|0x000000070f400000, 0x000000070f400000, 0x000000070f600000|  0%| F|  |TAMS 0x000000070f400000, 0x000000070f400000| Untracked 
|  90|0x000000070f600000, 0x000000070f600000, 0x000000070f800000|  0%| F|  |TAMS 0x000000070f600000, 0x000000070f600000| Untracked 
|  91|0x000000070f800000, 0x000000070f800000, 0x000000070fa00000|  0%| F|  |TAMS 0x000000070f800000, 0x000000070f800000| Untracked 
|  92|0x000000070fa00000, 0x000000070fa00000, 0x000000070fc00000|  0%| F|  |TAMS 0x000000070fa00000, 0x000000070fa00000| Untracked 
|  93|0x000000070fc00000, 0x000000070fc00000, 0x000000070fe00000|  0%| F|  |TAMS 0x000000070fc00000, 0x000000070fc00000| Untracked 
|  94|0x000000070fe00000, 0x000000070fe00000, 0x0000000710000000|  0%| F|  |TAMS 0x000000070fe00000, 0x000000070fe00000| Untracked 
|  95|0x0000000710000000, 0x0000000710000000, 0x0000000710200000|  0%| F|  |TAMS 0x0000000710000000, 0x0000000710000000| Untracked 
|  96|0x0000000710200000, 0x0000000710200000, 0x0000000710400000|  0%| F|  |TAMS 0x0000000710200000, 0x0000000710200000| Untracked 
|  97|0x0000000710400000, 0x0000000710400000, 0x0000000710600000|  0%| F|  |TAMS 0x0000000710400000, 0x0000000710400000| Untracked 
|  98|0x0000000710600000, 0x0000000710600000, 0x0000000710800000|  0%| F|  |TAMS 0x0000000710600000, 0x0000000710600000| Untracked 
|  99|0x0000000710800000, 0x0000000710800000, 0x0000000710a00000|  0%| F|  |TAMS 0x0000000710800000, 0x0000000710800000| Untracked 
| 100|0x0000000710a00000, 0x0000000710a00000, 0x0000000710c00000|  0%| F|  |TAMS 0x0000000710a00000, 0x0000000710a00000| Untracked 
| 101|0x0000000710c00000, 0x0000000710c00000, 0x0000000710e00000|  0%| F|  |TAMS 0x0000000710c00000, 0x0000000710c00000| Untracked 
| 102|0x0000000710e00000, 0x0000000710e00000, 0x0000000711000000|  0%| F|  |TAMS 0x0000000710e00000, 0x0000000710e00000| Untracked 
| 103|0x0000000711000000, 0x0000000711000000, 0x0000000711200000|  0%| F|  |TAMS 0x0000000711000000, 0x0000000711000000| Untracked 
| 104|0x0000000711200000, 0x0000000711200000, 0x0000000711400000|  0%| F|  |TAMS 0x0000000711200000, 0x0000000711200000| Untracked 
| 105|0x0000000711400000, 0x0000000711400000, 0x0000000711600000|  0%| F|  |TAMS 0x0000000711400000, 0x0000000711400000| Untracked 
| 106|0x0000000711600000, 0x0000000711600000, 0x0000000711800000|  0%| F|  |TAMS 0x0000000711600000, 0x0000000711600000| Untracked 
| 107|0x0000000711800000, 0x0000000711800000, 0x0000000711a00000|  0%| F|  |TAMS 0x0000000711800000, 0x0000000711800000| Untracked 
| 108|0x0000000711a00000, 0x0000000711a00000, 0x0000000711c00000|  0%| F|  |TAMS 0x0000000711a00000, 0x0000000711a00000| Untracked 
| 109|0x0000000711c00000, 0x0000000711c59b38, 0x0000000711e00000| 17%| S|CS|TAMS 0x0000000711c00000, 0x0000000711c00000| Complete 
| 110|0x0000000711e00000, 0x0000000712000000, 0x0000000712000000|100%| S|CS|TAMS 0x0000000711e00000, 0x0000000711e00000| Complete 
| 111|0x0000000712000000, 0x0000000712000000, 0x0000000712200000|  0%| F|  |TAMS 0x0000000712000000, 0x0000000712000000| Untracked 
| 112|0x0000000712200000, 0x0000000712200000, 0x0000000712400000|  0%| F|  |TAMS 0x0000000712200000, 0x0000000712200000| Untracked 
| 113|0x0000000712400000, 0x0000000712400000, 0x0000000712600000|  0%| F|  |TAMS 0x0000000712400000, 0x0000000712400000| Untracked 
| 114|0x0000000712600000, 0x0000000712700800, 0x0000000712800000| 50%| E|  |TAMS 0x0000000712600000, 0x0000000712600000| Complete 
| 115|0x0000000712800000, 0x0000000712a00000, 0x0000000712a00000|100%| E|CS|TAMS 0x0000000712800000, 0x0000000712800000| Complete 
| 116|0x0000000712a00000, 0x0000000712c00000, 0x0000000712c00000|100%| E|CS|TAMS 0x0000000712a00000, 0x0000000712a00000| Complete 
| 117|0x0000000712c00000, 0x0000000712e00000, 0x0000000712e00000|100%| E|CS|TAMS 0x0000000712c00000, 0x0000000712c00000| Complete 
| 118|0x0000000712e00000, 0x0000000713000000, 0x0000000713000000|100%| E|CS|TAMS 0x0000000712e00000, 0x0000000712e00000| Complete 
| 119|0x0000000713000000, 0x0000000713200000, 0x0000000713200000|100%| E|CS|TAMS 0x0000000713000000, 0x0000000713000000| Complete 
| 120|0x0000000713200000, 0x0000000713400000, 0x0000000713400000|100%| E|CS|TAMS 0x0000000713200000, 0x0000000713200000| Complete 
| 121|0x0000000713400000, 0x0000000713600000, 0x0000000713600000|100%| E|CS|TAMS 0x0000000713400000, 0x0000000713400000| Complete 
| 122|0x0000000713600000, 0x0000000713800000, 0x0000000713800000|100%| E|CS|TAMS 0x0000000713600000, 0x0000000713600000| Complete 
| 123|0x0000000713800000, 0x0000000713a00000, 0x0000000713a00000|100%| E|CS|TAMS 0x0000000713800000, 0x0000000713800000| Complete 
| 124|0x0000000713a00000, 0x0000000713c00000, 0x0000000713c00000|100%| E|CS|TAMS 0x0000000713a00000, 0x0000000713a00000| Complete 
| 125|0x0000000713c00000, 0x0000000713e00000, 0x0000000713e00000|100%| E|CS|TAMS 0x0000000713c00000, 0x0000000713c00000| Complete 

Card table byte_map: [0x000001f743220000,0x000001f743a00000] _byte_map_base: 0x000001f73f9ff000

Marking Bits (Prev, Next): (CMBitMap*) 0x000001f72b6c61d0, (CMBitMap*) 0x000001f72b6c6210
 Prev Bits: [0x000001f7441e0000, 0x000001f7480d8000)
 Next Bits: [0x000001f7480e0000, 0x000001f74bfd8000)

Polling page: 0x000001f729d90000

Metaspace:

Usage:
  Non-class:     14.99 MB used.
      Class:      2.14 MB used.
       Both:     17.13 MB used.

Virtual space:
  Non-class space:       64.00 MB reserved,      15.12 MB ( 24%) committed,  1 nodes.
      Class space:        1.00 GB reserved,       2.25 MB ( <1%) committed,  1 nodes.
             Both:        1.06 GB reserved,      17.38 MB (  2%) committed. 

Chunk freelists:
   Non-Class:  80.00 KB
       Class:  13.58 MB
        Both:  13.66 MB

MaxMetaspaceSize: unlimited
CompressedClassSpaceSize: 1.00 GB
Initial GC threshold: 21.00 MB
Current GC threshold: 21.00 MB
CDS: on
MetaspaceReclaimPolicy: balanced
 - commit_granule_bytes: 65536.
 - commit_granule_words: 8192.
 - virtual_space_node_default_size: 8388608.
 - enlarge_chunks_in_place: 1.
 - new_chunks_are_fully_committed: 0.
 - uncommit_free_chunks: 1.
 - use_allocation_guard: 0.
 - handle_deallocations: 1.


Internal statistics:

num_allocs_failed_limit: 0.
num_arena_births: 262.
num_arena_deaths: 0.
num_vsnodes_births: 2.
num_vsnodes_deaths: 0.
num_space_committed: 278.
num_space_uncommitted: 0.
num_chunks_returned_to_freelist: 0.
num_chunks_taken_from_freelist: 852.
num_chunk_merges: 0.
num_chunk_splits: 590.
num_chunks_enlarged: 449.
num_inconsistent_stats: 0.

CodeHeap 'non-profiled nmethods': size=120000Kb used=871Kb max_used=871Kb free=119128Kb
 bounds [0x000001f73aaa0000, 0x000001f73ad10000, 0x000001f741fd0000]
CodeHeap 'profiled nmethods': size=120000Kb used=4264Kb max_used=4264Kb free=115735Kb
 bounds [0x000001f732fd0000, 0x000001f733400000, 0x000001f73a500000]
CodeHeap 'non-nmethods': size=5760Kb used=1214Kb max_used=1248Kb free=4545Kb
 bounds [0x000001f73a500000, 0x000001f73a770000, 0x000001f73aaa0000]
 total_blobs=2704 nmethods=2198 adapters=418
 compilation: enabled
              stopped_count=0, restarted_count=0
 full_count=0

Compilation events (20 events):
Event: 2.370 Thread 0x000001f74e806f60 nmethod 2180 0x000001f7333e6c90 code [0x000001f7333e6e20, 0x000001f7333e6fd8]
Event: 2.371 Thread 0x000001f74e806f60 2181       3       org.springframework.util.CollectionUtils::isEmpty (19 bytes)
Event: 2.371 Thread 0x000001f74e806f60 nmethod 2181 0x000001f7333e7090 code [0x000001f7333e7240, 0x000001f7333e7488]
Event: 2.371 Thread 0x000001f74e806f60 2182       3       java.util.Properties::getProperty (50 bytes)
Event: 2.372 Thread 0x000001f74e806f60 nmethod 2182 0x000001f7333e7590 code [0x000001f7333e7760, 0x000001f7333e7c58]
Event: 2.372 Thread 0x000001f74e806f60 2183       3       java.lang.NamedPackage::<init> (59 bytes)
Event: 2.374 Thread 0x000001f74e806f60 nmethod 2183 0x000001f7333e7d90 code [0x000001f7333e8020, 0x000001f7333e8b18]
Event: 2.374 Thread 0x000001f74e806f60 2184       3       java.util.jar.Manifest$FastInputStream::readLine (296 bytes)
Event: 2.375 Thread 0x000001f74e806f60 nmethod 2184 0x000001f7333e8f10 code [0x000001f7333e9140, 0x000001f7333e9a48]
Event: 2.375 Thread 0x000001f74e806f60 2185       3       java.lang.ClassLoader::definePackage (53 bytes)
Event: 2.376 Thread 0x000001f74e806f60 nmethod 2185 0x000001f7333e9d90 code [0x000001f7333e9f80, 0x000001f7333ea4d8]
Event: 2.381 Thread 0x000001f74e806f60 2187       3       java.lang.StringBuilder::<init> (6 bytes)
Event: 2.381 Thread 0x000001f74e806f60 nmethod 2187 0x000001f7333ea790 code [0x000001f7333ea920, 0x000001f7333eaa68]
Event: 2.382 Thread 0x000001f74e806f60 2188       3       java.lang.invoke.DirectMethodHandle$Holder::invokeStatic (14 bytes)
Event: 2.382 Thread 0x000001f7951aae50 2186       4       java.util.jar.Manifest$FastInputStream::readLine (296 bytes)
Event: 2.382 Thread 0x000001f74e806f60 nmethod 2188 0x000001f7333eab10 code [0x000001f7333eace0, 0x000001f7333eb138]
Event: 2.395 Thread 0x000001f74e806f60 2189       3       java.lang.invoke.LambdaForm$MH/0x000001f750105c00::invoke (148 bytes)
Event: 2.396 Thread 0x000001f74e806f60 nmethod 2189 0x000001f7333eb290 code [0x000001f7333eb500, 0x000001f7333ec688]
Event: 2.399 Thread 0x000001f7951aae50 nmethod 2186 0x000001f73ab71090 code [0x000001f73ab71240, 0x000001f73ab719d8]
Event: 2.399 Thread 0x000001f7951aae50 2160 %     4       java.io.WinNTFileSystem::normalize @ 22 (143 bytes)

GC Heap History (4 events):
Event: 1.063 GC heap before
{Heap before GC invocations=0 (full 0):
 garbage-first heap   total 258048K, used 22528K [0x0000000704200000, 0x0000000800000000)
  region size 2048K, 11 young (22528K), 0 survivors (0K)
 Metaspace       used 5778K, committed 6016K, reserved 1114112K
  class space    used 679K, committed 768K, reserved 1048576K
}
Event: 1.068 GC heap after
{Heap after GC invocations=1 (full 0):
 garbage-first heap   total 258048K, used 6626K [0x0000000704200000, 0x0000000800000000)
  region size 2048K, 2 young (4096K), 2 survivors (4096K)
 Metaspace       used 5778K, committed 6016K, reserved 1114112K
  class space    used 679K, committed 768K, reserved 1048576K
}
Event: 1.937 GC heap before
{Heap before GC invocations=1 (full 0):
 garbage-first heap   total 258048K, used 33250K [0x0000000704200000, 0x0000000800000000)
  region size 2048K, 15 young (30720K), 2 survivors (4096K)
 Metaspace       used 12374K, committed 12672K, reserved 1114112K
  class space    used 1510K, committed 1664K, reserved 1048576K
}
Event: 1.945 GC heap after
{Heap after GC invocations=2 (full 0):
 garbage-first heap   total 258048K, used 9154K [0x0000000704200000, 0x0000000800000000)
  region size 2048K, 2 young (4096K), 2 survivors (4096K)
 Metaspace       used 12374K, committed 12672K, reserved 1114112K
  class space    used 1510K, committed 1664K, reserved 1048576K
}

Deoptimization events (20 events):
Event: 2.376 Thread 0x000001f72b65d520 DEOPT PACKING pc=0x000001f7333e98e8 sp=0x00000089087fd610
Event: 2.376 Thread 0x000001f72b65d520 DEOPT UNPACKING pc=0x000001f73a5566e3 sp=0x00000089087fcaa0 mode 0
Event: 2.376 Thread 0x000001f72b65d520 DEOPT PACKING pc=0x000001f7333e98e8 sp=0x00000089087fd610
Event: 2.376 Thread 0x000001f72b65d520 DEOPT UNPACKING pc=0x000001f73a5566e3 sp=0x00000089087fcaa0 mode 0
Event: 2.376 Thread 0x000001f72b65d520 DEOPT PACKING pc=0x000001f7333e98e8 sp=0x00000089087fd610
Event: 2.376 Thread 0x000001f72b65d520 DEOPT UNPACKING pc=0x000001f73a5566e3 sp=0x00000089087fcaa0 mode 0
Event: 2.376 Thread 0x000001f72b65d520 DEOPT PACKING pc=0x000001f7333e98e8 sp=0x00000089087fd610
Event: 2.376 Thread 0x000001f72b65d520 DEOPT UNPACKING pc=0x000001f73a5566e3 sp=0x00000089087fcaa0 mode 0
Event: 2.377 Thread 0x000001f72b65d520 DEOPT PACKING pc=0x000001f7333e98e8 sp=0x00000089087fd610
Event: 2.377 Thread 0x000001f72b65d520 DEOPT UNPACKING pc=0x000001f73a5566e3 sp=0x00000089087fcaa0 mode 0
Event: 2.377 Thread 0x000001f72b65d520 DEOPT PACKING pc=0x000001f7333e98e8 sp=0x00000089087fd610
Event: 2.377 Thread 0x000001f72b65d520 DEOPT UNPACKING pc=0x000001f73a5566e3 sp=0x00000089087fcaa0 mode 0
Event: 2.377 Thread 0x000001f72b65d520 DEOPT PACKING pc=0x000001f7333e98e8 sp=0x00000089087fd610
Event: 2.377 Thread 0x000001f72b65d520 DEOPT UNPACKING pc=0x000001f73a5566e3 sp=0x00000089087fcaa0 mode 0
Event: 2.377 Thread 0x000001f72b65d520 DEOPT PACKING pc=0x000001f7333e98e8 sp=0x00000089087fd610
Event: 2.377 Thread 0x000001f72b65d520 DEOPT UNPACKING pc=0x000001f73a5566e3 sp=0x00000089087fcaa0 mode 0
Event: 2.378 Thread 0x000001f72b65d520 DEOPT PACKING pc=0x000001f7333e98e8 sp=0x00000089087fd610
Event: 2.378 Thread 0x000001f72b65d520 DEOPT UNPACKING pc=0x000001f73a5566e3 sp=0x00000089087fcaa0 mode 0
Event: 2.378 Thread 0x000001f72b65d520 DEOPT PACKING pc=0x000001f7333e98e8 sp=0x00000089087fd610
Event: 2.378 Thread 0x000001f72b65d520 DEOPT UNPACKING pc=0x000001f73a5566e3 sp=0x00000089087fcaa0 mode 0

Classes unloaded (0 events):
No events

Classes redefined (0 events):
No events

Internal exceptions (20 events):
Event: 1.345 Thread 0x000001f72b65d520 Exception <a 'java/lang/NoSuchMethodError'{0x00000007139b10b8}: 'void java.lang.invoke.DirectMethodHandle$Holder.invokeInterface(java.lang.Object, java.lang.Object, java.lang.Object)'> (0x00000007139b10b8) 
thrown [s\open\src\hotspot\share\interpreter\linkResolver.cpp, line 759]
Event: 1.387 Thread 0x000001f72b65d520 Exception <a 'java/lang/NoSuchMethodError'{0x0000000713635718}: 'void java.lang.invoke.DirectMethodHandle$Holder.invokeStaticInit(java.lang.Object, java.lang.Object, java.lang.Object)'> (0x0000000713635718) 
thrown [s\open\src\hotspot\share\interpreter\linkResolver.cpp, line 759]
Event: 1.397 Thread 0x000001f72b65d520 Exception <a 'java/lang/NoSuchMethodError'{0x0000000713683950}: 'java.lang.Object java.lang.invoke.DirectMethodHandle$Holder.invokeVirtual(java.lang.Object, java.lang.Object, java.lang.Object)'> (0x0000000713683950) 
thrown [s\open\src\hotspot\share\interpreter\linkResolver.cpp, line 759]
Event: 1.455 Thread 0x000001f72b65d520 Exception <a 'java/lang/NoSuchMethodError'{0x000000071372de40}: 'void java.lang.invoke.DirectMethodHandle$Holder.invokeVirtual(java.lang.Object, java.lang.Object, java.lang.Object, java.lang.Object)'> (0x000000071372de40) 
thrown [s\open\src\hotspot\share\interpreter\linkResolver.cpp, line 759]
Event: 1.501 Thread 0x000001f72b65d520 Exception <a 'java/lang/NoSuchMethodError'{0x00000007137de998}: 'java.lang.Object java.lang.invoke.DirectMethodHandle$Holder.invokeSpecial(java.lang.Object, java.lang.Object, long, java.lang.Object, java.lang.Object, java.lang.Object, java.lang.Object, java.lang.Object, java.lang.Object)'> (0x00000007137de998) 
thrown [s\open\src\hotspot\share\interpreter\linkResolver.cpp, line 759]
Event: 1.502 Thread 0x000001f72b65d520 Exception <a 'java/lang/NoSuchMethodError'{0x00000007137e3218}: 'java.lang.Object java.lang.invoke.DelegatingMethodHandle$Holder.reinvoke_L(java.lang.Object, long, java.lang.Object, java.lang.Object, java.lang.Object, java.lang.Object, java.lang.Object, java.lang.Object)'> (0x00000007137e3218) 
thrown [s\open\src\hotspot\share\interpreter\linkResolver.cpp, line 759]
Event: 1.588 Thread 0x000001f72b65d520 Exception <a 'java/lang/NoSuchMethodError'{0x000000071359a6c8}: 'void java.lang.invoke.DirectMethodHandle$Holder.invokeSpecial(java.lang.Object, java.lang.Object, java.lang.Object)'> (0x000000071359a6c8) 
thrown [s\open\src\hotspot\share\interpreter\linkResolver.cpp, line 759]
Event: 1.600 Thread 0x000001f7946e2480 Exception <a 'java/lang/NoClassDefFoundError'{0x00000007132164d8}: jakarta/validation/Validation> (0x00000007132164d8) 
thrown [s\open\src\hotspot\share\classfile\systemDictionary.cpp, line 245]
Event: 1.607 Thread 0x000001f72b65d520 Exception <a 'java/lang/NoSuchMethodError'{0x00000007135e4ad8}: 'java.lang.Object java.lang.invoke.DirectMethodHandle$Holder.invokeStatic(java.lang.Object, java.lang.Object, int)'> (0x00000007135e4ad8) 
thrown [s\open\src\hotspot\share\interpreter\linkResolver.cpp, line 759]
Event: 1.608 Thread 0x000001f72b65d520 Exception <a 'java/lang/NoSuchMethodError'{0x00000007135f02c8}: 'void java.lang.invoke.DelegatingMethodHandle$Holder.delegate(java.lang.Object, java.lang.Object, int, java.lang.Object)'> (0x00000007135f02c8) 
thrown [s\open\src\hotspot\share\interpreter\linkResolver.cpp, line 759]
Event: 1.634 Thread 0x000001f72b65d520 Exception <a 'java/lang/IncompatibleClassChangeError'{0x000000071337de28}: Found class java.lang.Object, but interface was expected> (0x000000071337de28) 
thrown [s\open\src\hotspot\share\interpreter\linkResolver.cpp, line 826]
Event: 2.132 Thread 0x000001f7946e2480 Exception <a 'java/lang/NoSuchMethodError'{0x00000007132a71a0}: 'long java.lang.invoke.DirectMethodHandle$Holder.invokeSpecial(java.lang.Object, java.lang.Object)'> (0x00000007132a71a0) 
thrown [s\open\src\hotspot\share\interpreter\linkResolver.cpp, line 759]
Event: 2.135 Thread 0x000001f7946e2480 Exception <a 'java/lang/NoSuchMethodError'{0x00000007132b1d48}: 'long java.lang.invoke.DirectMethodHandle$Holder.invokeStatic(java.lang.Object, java.lang.Object)'> (0x00000007132b1d48) 
thrown [s\open\src\hotspot\share\interpreter\linkResolver.cpp, line 759]
Event: 2.136 Thread 0x000001f7946e2480 Exception <a 'java/lang/NoSuchMethodError'{0x00000007132b50a0}: 'long java.lang.invoke.DirectMethodHandle$Holder.invokeStaticInit(java.lang.Object, java.lang.Object)'> (0x00000007132b50a0) 
thrown [s\open\src\hotspot\share\interpreter\linkResolver.cpp, line 759]
Event: 2.139 Thread 0x000001f7946e2480 Exception <a 'java/lang/NoSuchMethodError'{0x00000007132c29a8}: 'long java.lang.invoke.DirectMethodHandle$Holder.invokeInterface(java.lang.Object, java.lang.Object)'> (0x00000007132c29a8) 
thrown [s\open\src\hotspot\share\interpreter\linkResolver.cpp, line 759]
Event: 2.139 Thread 0x000001f7946e2480 Exception <a 'java/lang/IncompatibleClassChangeError'{0x00000007132c5c90}: Found class java.lang.Object, but interface was expected> (0x00000007132c5c90) 
thrown [s\open\src\hotspot\share\interpreter\linkResolver.cpp, line 826]
Event: 2.144 Thread 0x000001f7946e2480 Exception <a 'java/lang/NoSuchMethodError'{0x00000007133de3d0}: 'java.lang.Object java.lang.invoke.DirectMethodHandle$Holder.invokeVirtual(java.lang.Object, java.lang.Object, java.lang.Object, java.lang.Object)'> (0x00000007133de3d0) 
thrown [s\open\src\hotspot\share\interpreter\linkResolver.cpp, line 759]
Event: 2.146 Thread 0x000001f72b65d520 Exception <a 'sun/nio/fs/WindowsException'{0x00000007132ed408}> (0x00000007132ed408) 
thrown [s\open\src\hotspot\share\prims\jni.cpp, line 516]
Event: 2.147 Thread 0x000001f72b65d520 Exception <a 'java/lang/NoSuchMethodError'{0x00000007132eec68}: 'int java.lang.invoke.DirectMethodHandle$Holder.invokeSpecial(java.lang.Object, java.lang.Object, java.lang.Object, java.lang.Object, java.lang.Object)'> (0x00000007132eec68) 
thrown [s\open\src\hotspot\share\interpreter\linkResolver.cpp, line 759]
Event: 2.152 Thread 0x000001f72b65d520 Exception <a 'java/lang/NoSuchMethodError'{0x00000007132f7a08}: 'void java.lang.invoke.DirectMethodHandle$Holder.invokeVirtual(java.lang.Object, java.lang.Object)'> (0x00000007132f7a08) 
thrown [s\open\src\hotspot\share\interpreter\linkResolver.cpp, line 759]

VM Operations (20 events):
Event: 1.063 Executing VM operation: G1CollectForAllocation
Event: 1.068 Executing VM operation: G1CollectForAllocation done
Event: 1.584 Executing VM operation: HandshakeAllThreads
Event: 1.584 Executing VM operation: HandshakeAllThreads done
Event: 1.584 Executing VM operation: HandshakeAllThreads
Event: 1.584 Executing VM operation: HandshakeAllThreads done
Event: 1.606 Executing VM operation: HandshakeAllThreads
Event: 1.606 Executing VM operation: HandshakeAllThreads done
Event: 1.613 Executing VM operation: ICBufferFull
Event: 1.613 Executing VM operation: ICBufferFull done
Event: 1.832 Executing VM operation: HandshakeAllThreads
Event: 1.832 Executing VM operation: HandshakeAllThreads done
Event: 1.937 Executing VM operation: G1CollectForAllocation
Event: 1.945 Executing VM operation: G1CollectForAllocation done
Event: 2.111 Executing VM operation: HandshakeAllThreads
Event: 2.111 Executing VM operation: HandshakeAllThreads done
Event: 2.211 Executing VM operation: HandshakeAllThreads
Event: 2.211 Executing VM operation: HandshakeAllThreads done
Event: 2.234 Executing VM operation: HandshakeAllThreads
Event: 2.234 Executing VM operation: HandshakeAllThreads done

Events (20 events):
Event: 2.270 loading class javax/security/auth/callback/CallbackHandler
Event: 2.270 loading class javax/security/auth/callback/CallbackHandler done
Event: 2.278 loading class sun/security/provider/certpath/ldap/JdkLDAP
Event: 2.279 loading class sun/security/provider/certpath/ldap/JdkLDAP done
Event: 2.280 loading class sun/security/provider/certpath/ldap/JdkLDAP$ProviderService
Event: 2.280 loading class sun/security/provider/certpath/ldap/JdkLDAP$ProviderService done
Event: 2.280 loading class com/sun/security/sasl/Provider
Event: 2.280 loading class com/sun/security/sasl/Provider done
Event: 2.280 loading class com/sun/security/sasl/Provider$1
Event: 2.280 loading class com/sun/security/sasl/Provider$1 done
Event: 2.280 loading class com/sun/security/sasl/Provider$ProviderService
Event: 2.281 loading class com/sun/security/sasl/Provider$ProviderService done
Event: 2.284 Thread 0x000001f7946e2480 Thread exited: 0x000001f7946e2480
Event: 2.356 Thread 0x000001f79551fba0 Thread added: 0x000001f79551fba0
Event: 2.375 loading class javax/naming/ldap/LdapContext
Event: 2.375 loading class javax/naming/directory/DirContext
Event: 2.375 loading class javax/naming/directory/DirContext done
Event: 2.375 loading class javax/naming/ldap/LdapContext done
Event: 2.382 Thread 0x000001f7951aae50 Thread added: 0x000001f7951aae50
Event: 2.398 Thread 0x000001f79551fba0 Thread exited: 0x000001f79551fba0


Dynamic libraries:
0x00007ff6176b0000 - 0x00007ff6176c0000 	C:\Program Files\Java\jdk-17\bin\java.exe
0x00007ffc4eb80000 - 0x00007ffc4ede3000 	C:\WINDOWS\SYSTEM32\ntdll.dll
0x00007ffc4dad0000 - 0x00007ffc4db97000 	C:\WINDOWS\System32\KERNEL32.DLL
0x00007ffc4bd80000 - 0x00007ffc4c149000 	C:\WINDOWS\System32\KERNELBASE.dll
0x00007ffc4c330000 - 0x00007ffc4c47c000 	C:\WINDOWS\System32\ucrtbase.dll
0x00007ffc37da0000 - 0x00007ffc37db9000 	C:\Program Files\Java\jdk-17\bin\jli.dll
0x00007ffc445e0000 - 0x00007ffc445fb000 	C:\Program Files\Java\jdk-17\bin\VCRUNTIME140.dll
0x00007ffc4cb40000 - 0x00007ffc4cbf2000 	C:\WINDOWS\System32\ADVAPI32.dll
0x00007ffc4e210000 - 0x00007ffc4e2b9000 	C:\WINDOWS\System32\msvcrt.dll
0x00007ffc4ea10000 - 0x00007ffc4eab6000 	C:\WINDOWS\System32\sechost.dll
0x00007ffc4e400000 - 0x00007ffc4e516000 	C:\WINDOWS\System32\RPCRT4.dll
0x00007ffc4d7a0000 - 0x00007ffc4d96a000 	C:\WINDOWS\System32\USER32.dll
0x00007ffc4c6b0000 - 0x00007ffc4c6d7000 	C:\WINDOWS\System32\win32u.dll
0x00007ffc31560000 - 0x00007ffc317f0000 	C:\WINDOWS\WinSxS\amd64_microsoft.windows.common-controls_6595b64144ccf1df_6.0.26100.3323_none_3e088096e3344490\COMCTL32.dll
0x00007ffc4e2f0000 - 0x00007ffc4e31a000 	C:\WINDOWS\System32\GDI32.dll
0x00007ffc4c6e0000 - 0x00007ffc4c811000 	C:\WINDOWS\System32\gdi32full.dll
0x00007ffc4c1f0000 - 0x00007ffc4c293000 	C:\WINDOWS\System32\msvcp_win.dll
0x00007ffc39be0000 - 0x00007ffc39beb000 	C:\WINDOWS\SYSTEM32\VERSION.dll
0x00007ffc4cdd0000 - 0x00007ffc4cdff000 	C:\WINDOWS\System32\IMM32.DLL
0x00007ffc485f0000 - 0x00007ffc485fc000 	C:\Program Files\Java\jdk-17\bin\vcruntime140_1.dll
0x00007ffc1f360000 - 0x00007ffc1f3ee000 	C:\Program Files\Java\jdk-17\bin\msvcp140.dll
0x00007ffbc40a0000 - 0x00007ffbc4c81000 	C:\Program Files\Java\jdk-17\bin\server\jvm.dll
0x00007ffc4ea00000 - 0x00007ffc4ea08000 	C:\WINDOWS\System32\PSAPI.DLL
0x00007ffc3eae0000 - 0x00007ffc3eb16000 	C:\WINDOWS\SYSTEM32\WINMM.dll
0x00007ffc20560000 - 0x00007ffc2056a000 	C:\WINDOWS\SYSTEM32\WSOCK32.dll
0x00007ffc4ccb0000 - 0x00007ffc4cd24000 	C:\WINDOWS\System32\WS2_32.dll
0x00007ffc4ab60000 - 0x00007ffc4ab7a000 	C:\WINDOWS\SYSTEM32\kernel.appcore.dll
0x00007ffc44a20000 - 0x00007ffc44a2a000 	C:\Program Files\Java\jdk-17\bin\jimage.dll
0x00007ffc49360000 - 0x00007ffc495a1000 	C:\WINDOWS\SYSTEM32\DBGHELP.DLL
0x00007ffc4e660000 - 0x00007ffc4e9e2000 	C:\WINDOWS\System32\combase.dll
0x00007ffc4e580000 - 0x00007ffc4e656000 	C:\WINDOWS\System32\OLEAUT32.dll
0x00007ffc30310000 - 0x00007ffc30349000 	C:\WINDOWS\SYSTEM32\dbgcore.DLL
0x00007ffc4c150000 - 0x00007ffc4c1e9000 	C:\WINDOWS\System32\bcryptPrimitives.dll
0x00007ffc445d0000 - 0x00007ffc445de000 	C:\Program Files\Java\jdk-17\bin\instrument.dll
0x00007ffc32550000 - 0x00007ffc32575000 	C:\Program Files\Java\jdk-17\bin\java.dll
0x00007ffbfaca0000 - 0x00007ffbfad77000 	C:\Program Files\Java\jdk-17\bin\jsvml.dll
0x00007ffc4cf20000 - 0x00007ffc4d635000 	C:\WINDOWS\System32\SHELL32.dll
0x00007ffc4c540000 - 0x00007ffc4c6a8000 	C:\WINDOWS\System32\wintypes.dll
0x00007ffc49950000 - 0x00007ffc4a195000 	C:\WINDOWS\SYSTEM32\windows.storage.dll
0x00007ffc4ce30000 - 0x00007ffc4cf1b000 	C:\WINDOWS\System32\SHCORE.dll
0x00007ffc4e520000 - 0x00007ffc4e57d000 	C:\WINDOWS\System32\shlwapi.dll
0x00007ffc4bc90000 - 0x00007ffc4bcbf000 	C:\WINDOWS\SYSTEM32\profapi.dll
0x00007ffc34fc0000 - 0x00007ffc34fd8000 	C:\Program Files\Java\jdk-17\bin\zip.dll
0x00007ffc37d20000 - 0x00007ffc37d39000 	C:\Program Files\Java\jdk-17\bin\net.dll
0x00007ffc41e70000 - 0x00007ffc41f8e000 	C:\WINDOWS\SYSTEM32\WINHTTP.dll
0x00007ffc4b060000 - 0x00007ffc4b0ca000 	C:\WINDOWS\system32\mswsock.dll
0x00007ffc35ec0000 - 0x00007ffc35ed6000 	C:\Program Files\Java\jdk-17\bin\nio.dll
0x00007ffc34ec0000 - 0x00007ffc34eda000 	C:\Program Files\JetBrains\IntelliJ IDEA Community Edition 2024.3.2\bin\breakgen64.dll
0x00007ffc444d0000 - 0x00007ffc444de000 	C:\Program Files\Java\jdk-17\bin\sunmscapi.dll
0x00007ffc4c820000 - 0x00007ffc4c997000 	C:\WINDOWS\System32\CRYPT32.dll
0x00007ffc4b560000 - 0x00007ffc4b590000 	C:\WINDOWS\SYSTEM32\ncrypt.dll
0x00007ffc4b510000 - 0x00007ffc4b54f000 	C:\WINDOWS\SYSTEM32\NTASN1.dll

dbghelp: loaded successfully - version: 4.0.5 - missing functions: none
symbol engine: initialized successfully - sym options: 0x614 - pdb path: .;C:\Program Files\Java\jdk-17\bin;C:\WINDOWS\SYSTEM32;C:\WINDOWS\WinSxS\amd64_microsoft.windows.common-controls_6595b64144ccf1df_6.0.26100.3323_none_3e088096e3344490;C:\Program Files\Java\jdk-17\bin\server;C:\Program Files\JetBrains\IntelliJ IDEA Community Edition 2024.3.2\bin

VM Arguments:
jvm_args: -javaagent:C:\Program Files\JetBrains\IntelliJ IDEA Community Edition 2024.3.2\lib\idea_rt.jar=43731:C:\Program Files\JetBrains\IntelliJ IDEA Community Edition 2024.3.2\bin -Dfile.encoding=UTF-8 
java_command: com.userlogin.UserLogin.UserLoginApplication
java_class_path (initial): D:\UserLogin (1)\UserLogin\target\classes;C:\Users\UCS-BLR-64\.m2\repository\org\springframework\boot\spring-boot-starter-data-jpa\3.4.4\spring-boot-starter-data-jpa-3.4.4.jar;C:\Users\UCS-BLR-64\.m2\repository\org\springframework\boot\spring-boot-starter\3.4.4\spring-boot-starter-3.4.4.jar;C:\Users\UCS-BLR-64\.m2\repository\org\springframework\boot\spring-boot\3.4.4\spring-boot-3.4.4.jar;C:\Users\UCS-BLR-64\.m2\repository\org\springframework\boot\spring-boot-autoconfigure\3.4.4\spring-boot-autoconfigure-3.4.4.jar;C:\Users\UCS-BLR-64\.m2\repository\org\springframework\boot\spring-boot-starter-logging\3.4.4\spring-boot-starter-logging-3.4.4.jar;C:\Users\UCS-BLR-64\.m2\repository\ch\qos\logback\logback-classic\1.5.18\logback-classic-1.5.18.jar;C:\Users\UCS-BLR-64\.m2\repository\ch\qos\logback\logback-core\1.5.18\logback-core-1.5.18.jar;C:\Users\UCS-BLR-64\.m2\repository\org\apache\logging\log4j\log4j-to-slf4j\2.24.3\log4j-to-slf4j-2.24.3.jar;C:\Users\UCS-BLR-64\.m2\repository\org\apache\logging\log4j\log4j-api\2.24.3\log4j-api-2.24.3.jar;C:\Users\UCS-BLR-64\.m2\repository\org\slf4j\jul-to-slf4j\2.0.17\jul-to-slf4j-2.0.17.jar;C:\Users\UCS-BLR-64\.m2\repository\jakarta\annotation\jakarta.annotation-api\2.1.1\jakarta.annotation-api-2.1.1.jar;C:\Users\UCS-BLR-64\.m2\repository\org\yaml\snakeyaml\2.3\snakeyaml-2.3.jar;C:\Users\UCS-BLR-64\.m2\repository\org\springframework\boot\spring-boot-starter-jdbc\3.4.4\spring-boot-starter-jdbc-3.4.4.jar;C:\Users\UCS-BLR-64\.m2\repository\com\zaxxer\HikariCP\5.1.0\HikariCP-5.1.0.jar;C:\Users\UCS-BLR-64\.m2\repository\org\springframework\spring-jdbc\6.2.5\spring-jdbc-6.2.5.jar;C:\Users\UCS-BLR-64\.m2\repository\org\hibernate\orm\hibernate-core\6.6.11.Final\hibernate-core-6.6.11.Final.jar;C:\Users\UCS-BLR-64\.m2\repository\jakarta\persistence\jakarta.persistence-api\3.1.0\jakarta.persistence-api-3.1.0.jar;C:\Users\UCS-BLR-64\.m2\repository\jakarta\transaction\jakarta.transaction-api\2.0.1\jakarta.transaction-
Launcher Type: SUN_STANDARD

[Global flags]
     intx CICompilerCount                          = 4                                         {product} {ergonomic}
     uint ConcGCThreads                            = 2                                         {product} {ergonomic}
     uint G1ConcRefinementThreads                  = 8                                         {product} {ergonomic}
   size_t G1HeapRegionSize                         = 2097152                                   {product} {ergonomic}
    uintx GCDrainStackTargetSize                   = 64                                        {product} {ergonomic}
   size_t InitialHeapSize                          = 264241152                                 {product} {ergonomic}
   size_t MarkStackSize                            = 4194304                                   {product} {ergonomic}
   size_t MaxHeapSize                              = 4225761280                                {product} {ergonomic}
   size_t MaxNewSize                               = 2535456768                                {product} {ergonomic}
   size_t MinHeapDeltaBytes                        = 2097152                                   {product} {ergonomic}
   size_t MinHeapSize                              = 8388608                                   {product} {ergonomic}
    uintx NonNMethodCodeHeapSize                   = 5839372                                {pd product} {ergonomic}
    uintx NonProfiledCodeHeapSize                  = 122909434                              {pd product} {ergonomic}
    uintx ProfiledCodeHeapSize                     = 122909434                              {pd product} {ergonomic}
    uintx ReservedCodeCacheSize                    = 251658240                              {pd product} {ergonomic}
     bool SegmentedCodeCache                       = true                                      {product} {ergonomic}
   size_t SoftMaxHeapSize                          = 4225761280                             {manageable} {ergonomic}
     bool UseCompressedClassPointers               = true                           {product lp64_product} {ergonomic}
     bool UseCompressedOops                        = true                           {product lp64_product} {ergonomic}
     bool UseG1GC                                  = true                                      {product} {ergonomic}
     bool UseLargePagesIndividualAllocation        = false                                  {pd product} {ergonomic}

Logging:
Log output configuration:
 #0: stdout all=warning uptime,level,tags
 #1: stderr all=off uptime,level,tags

Environment Variables:
JAVA_HOME=C:\Program Files\Java\jdk-1.8\bin
PATH=C:\Program Files\Common Files\Oracle\Java\javapath;C:\Python312\Scripts\;C:\Python312\;C:\Program Files (x86)\Common Files\Oracle\Java\javapath;C:\WINDOWS\system32;C:\WINDOWS;C:\WINDOWS\System32\Wbem;C:\WINDOWS\System32\WindowsPowerShell\v1.0\;C:\WINDOWS\System32\OpenSSH\;C:\Program Files\dotnet\;C:\Program Files\Java\jre-1.8\bin;C:\Program Files\Java\jdk-1.8\bin;D:\Installation files\apache-jmeter-5.6.3\bin;C:\Program Files (x86)\Micro Focus\LoadRunner\bin\Silk\Silk Performer 21.0;C:\Program Files\nodejs\;C:\ProgramData\chocolatey\bin;C:\Users\UCS-BLR-64\AppData\Local\Microsoft\WindowsApps;C:\Users\UCS-BLR-64\AppData\Local\Programs\Microsoft VS Code\bin;C:\Users\UCS-BLR-64\AppData\Local\Programs\Git\cmd;C:\Users\UCS-BLR-64\AppData\Roaming\npm;
USERNAME=UCS-BLR-64
OS=Windows_NT
PROCESSOR_IDENTIFIER=Intel64 Family 6 Model 140 Stepping 1, GenuineIntel



---------------  S Y S T E M  ---------------

OS:
 Windows 11 , 64 bit Build 26100 (10.0.26100.3323)
OS uptime: 1 days 7:16 hours
Hyper-V role detected

CPU: total 8 (initial active 8) (4 cores per cpu, 2 threads per core) family 6 model 140 stepping 1 microcode 0xb8, cx8, cmov, fxsr, ht, mmx, 3dnowpref, sse, sse2, sse3, ssse3, sse4.1, sse4.2, popcnt, lzcnt, tsc, tscinvbit, avx, avx2, aes, erms, clmul, bmi1, bmi2, adx, avx512f, avx512dq, avx512cd, avx512bw, avx512vl, sha, fma, vzeroupper, avx512_vpopcntdq, avx512_vpclmulqdq, avx512_vaes, avx512_vnni, clflush, clflushopt, clwb, avx512_vbmi2, avx512_vbmi, hv

Memory: 4k page, system-wide physical 16118M (2052M free)
TotalPageFile size 32229M (AvailPageFile size 4M)
current process WorkingSet (physical memory assigned to process): 131M, peak: 134M
current process commit charge ("private bytes"): 391M, peak: 393M

vm_info: Java HotSpot(TM) 64-Bit Server VM (17.0.14+8-LTS-191) for windows-amd64 JRE (17.0.14+8-LTS-191), built on Dec  3 2024 11:07:59 by "mach5one" with MS VC++ 17.6 (VS2022)

END.
